<?xml version="1.0" encoding="UTF-8"?>
<!-- Generated by org.testng.reporters.JUnitReportReporter -->
<testsuite hostname="DESKTOP-TNIL84B" failures="0" tests="1" name="com.lms.ui.runner.TestRunner" time="8.803" errors="0" timestamp="2024-04-29T09:55:58 GMT-04:00" skipped="0">
  <testcase classname="com.lms.ui.runner.TestRunner" name="runScenario" time="8.803"/>
</testsuite> <!-- com.lms.ui.runner.TestRunner -->
