<?xml version="1.0" encoding="UTF-8"?>
<!-- Generated by org.testng.reporters.JUnitReportReporter -->
<testsuite hostname="DESKTOP-TNIL84B" failures="0" tests="12" name="com.lms.ui.runner.TestRunner" time="723.930" errors="0" timestamp="2024-04-28T22:59:23 GMT-04:00" skipped="0">
  <testcase classname="com.lms.ui.runner.TestRunner" name="runScenario" time="65.939"/>
  <testcase classname="com.lms.ui.runner.TestRunner" name="runScenario" time="70.990"/>
  <testcase classname="com.lms.ui.runner.TestRunner" name="runScenario" time="65.787"/>
  <testcase classname="com.lms.ui.runner.TestRunner" name="runScenario" time="56.420"/>
  <testcase classname="com.lms.ui.runner.TestRunner" name="runScenario" time="64.707"/>
  <testcase classname="com.lms.ui.runner.TestRunner" name="runScenario" time="8.505"/>
  <testcase classname="com.lms.ui.runner.TestRunner" name="runScenario" time="65.385"/>
  <testcase classname="com.lms.ui.runner.TestRunner" name="runScenario" time="96.479"/>
  <testcase classname="com.lms.ui.runner.TestRunner" name="runScenario" time="74.115"/>
  <testcase classname="com.lms.ui.runner.TestRunner" name="runScenario" time="66.031"/>
  <testcase classname="com.lms.ui.runner.TestRunner" name="runScenario" time="23.484"/>
  <testcase classname="com.lms.ui.runner.TestRunner" name="runScenario" time="66.088"/>
</testsuite> <!-- com.lms.ui.runner.TestRunner -->
